FitnessApp/app/build/intermediates/manifest_merge_blame_file/debug/manifest-merger-blame-debug-report.txt
1<?xml version="1.0" encoding="utf-8"?>
2<manifest xmlns:android="http://schemas.android.com/apk/res/android"
3    package="com.example.fitnessapp"
4    android:versionCode="1"
5    android:versionName="1.0" >
6
7    <uses-sdk
8        android:minSdkVersion="15"
8-->src\main\AndroidManifest.xml
9        android:targetSdkVersion="29" />
9-->src\main\AndroidManifest.xml
10
11    <uses-permission android:name="android.permission.INTERNET" />
11-->src\main\AndroidManifest.xml:5:5-67
11-->src\main\AndroidManifest.xml:5:22-64
12
13    <application
13-->src\main\AndroidManifest.xml:7:5-37:19
14        android:allowBackup="true"
14-->src\main\AndroidManifest.xml:8:9-35
15        android:appComponentFactory="androidx.core.app.CoreComponentFactory"
15-->[androidx.core:core:1.0.1] AndroidManifest.xml:22:18-86
16        android:debuggable="true"
17        android:icon="@mipmap/ic_launcher"
17-->src\main\AndroidManifest.xml:9:9-43
18        android:label="@string/app_name"
18-->src\main\AndroidManifest.xml:10:9-41
19        android:roundIcon="@mipmap/ic_launcher_round"
19-->src\main\AndroidManifest.xml:11:9-54
20        android:supportsRtl="true"
20-->src\main\AndroidManifest.xml:12:9-35
21        android:testOnly="true"
22        android:theme="@style/AppTheme" >
22-->src\main\AndroidManifest.xml:13:9-40
23        <activity android:name="com.example.fitnessapp.TutorialActivity" />
23-->src\main\AndroidManifest.xml:14:9-63
23-->src\main\AndroidManifest.xml:14:19-51
24        <activity android:name="com.example.fitnessapp.BackHomeActivity" />
24-->src\main\AndroidManifest.xml:15:9-54
24-->src\main\AndroidManifest.xml:15:19-51
25        <activity android:name="com.example.fitnessapp.detailExeActivity" />
25-->src\main\AndroidManifest.xml:16:9-55
25-->src\main\AndroidManifest.xml:16:19-52
26        <activity android:name="com.example.fitnessapp.ViewDateExecrise" />
26-->src\main\AndroidManifest.xml:17:9-54
26-->src\main\AndroidManifest.xml:17:19-51
27        <activity android:name="com.example.fitnessapp.AddCalendarActivity" />
27-->src\main\AndroidManifest.xml:18:9-57
27-->src\main\AndroidManifest.xml:18:19-54
28        <activity android:name="com.example.fitnessapp.scrollView" />
28-->src\main\AndroidManifest.xml:19:9-48
28-->src\main\AndroidManifest.xml:19:19-45
29        <activity android:name="com.example.fitnessapp.ChestHomeActivity" />
29-->src\main\AndroidManifest.xml:20:9-55
29-->src\main\AndroidManifest.xml:20:19-52
30        <activity android:name="com.example.fitnessapp.ExecriseActivity" />
30-->src\main\AndroidManifest.xml:21:9-54
30-->src\main\AndroidManifest.xml:21:19-51
31        <activity android:name="com.example.fitnessapp.ProfileActivity" />
31-->src\main\AndroidManifest.xml:22:9-53
31-->src\main\AndroidManifest.xml:22:19-50
32        <activity android:name="com.example.fitnessapp.CalendarActivity" />
32-->src\main\AndroidManifest.xml:23:9-54
32-->src\main\AndroidManifest.xml:23:19-51
33        <activity android:name="com.example.fitnessapp.NutritionActivity" />
33-->src\main\AndroidManifest.xml:24:9-55
33-->src\main\AndroidManifest.xml:24:19-52
34        <activity android:name="com.example.fitnessapp.HomeActivity" />
34-->src\main\AndroidManifest.xml:25:9-50
34-->src\main\AndroidManifest.xml:25:19-47
35        <activity android:name="com.example.fitnessapp.Controller.NutritionAdd" />
35-->src\main\AndroidManifest.xml:26:9-61
35-->src\main\AndroidManifest.xml:26:19-58
36        <activity
36-->src\main\AndroidManifest.xml:27:9-29:72
37            android:name="com.example.fitnessapp.Controller.NutritionPage"
37-->src\main\AndroidManifest.xml:28:13-53
38            android:theme="@style/Theme.AppCompat.Light.NoActionBar" />
38-->src\main\AndroidManifest.xml:29:13-69
39        <activity android:name="com.example.fitnessapp.loginActivity" >
39-->src\main\AndroidManifest.xml:30:9-36:20
39-->src\main\AndroidManifest.xml:30:19-48
40            <intent-filter>
40-->src\main\AndroidManifest.xml:31:13-35:29
41                <action android:name="android.intent.action.MAIN" />
41-->src\main\AndroidManifest.xml:32:17-69
41-->src\main\AndroidManifest.xml:32:25-66
42
43                <category android:name="android.intent.category.LAUNCHER" />
43-->src\main\AndroidManifest.xml:34:17-77
43-->src\main\AndroidManifest.xml:34:27-74
44            </intent-filter>
45        </activity>
46
47        <provider
47-->[androidx.lifecycle:lifecycle-process:2.0.0] AndroidManifest.xml:23:9-27:43
48            android:name="androidx.lifecycle.ProcessLifecycleOwnerInitializer"
48-->[androidx.lifecycle:lifecycle-process:2.0.0] AndroidManifest.xml:24:13-79
49            android:authorities="com.example.fitnessapp.lifecycle-process"
49-->[androidx.lifecycle:lifecycle-process:2.0.0] AndroidManifest.xml:25:13-69
50            android:exported="false"
50-->[androidx.lifecycle:lifecycle-process:2.0.0] AndroidManifest.xml:26:13-37
51            android:multiprocess="true" />
51-->[androidx.lifecycle:lifecycle-process:2.0.0] AndroidManifest.xml:27:13-40
52    </application>
53
54</manifest>